This is pdfTeX, Version 3.14159265-2.6-1.40.18 (TeX Live 2017/Debian) (preloaded format=pdflatex 2018.9.5)  10 OCT 2018 12:14
entering extended mode
 restricted \write18 enabled.
 %&-line parsing enabled.
**assignment01.tex
(./assignment01.tex
LaTeX2e <2017-04-15>
Babel <3.18> and hyphenation patterns for 3 language(s) loaded.
(/usr/share/texlive/texmf-dist/tex/latex/base/article.cls
Document Class: article 2014/09/29 v1.4h Standard LaTeX document class
(/usr/share/texlive/texmf-dist/tex/latex/base/size10.clo
File: size10.clo 2014/09/29 v1.4h Standard LaTeX file (size option)
)
\c@part=\count79
\c@section=\count80
\c@subsection=\count81
\c@subsubsection=\count82
\c@paragraph=\count83
\c@subparagraph=\count84
\c@figure=\count85
\c@table=\count86
\abovecaptionskip=\skip41
\belowcaptionskip=\skip42
\bibindent=\dimen102
)
(/usr/share/texlive/texmf-dist/tex/latex/base/inputenc.sty
Package: inputenc 2015/03/17 v1.2c Input encoding file
\inpenc@prehook=\toks14
\inpenc@posthook=\toks15

(/usr/share/texlive/texmf-dist/tex/latex/base/latin1.def
File: latin1.def 2015/03/17 v1.2c Input encoding file
))
(/usr/share/texlive/texmf-dist/tex/latex/amsmath/amsmath.sty
Package: amsmath 2017/09/02 v2.17a AMS math features
\@mathmargin=\skip43

For additional information on amsmath, use the `?' option.
(/usr/share/texlive/texmf-dist/tex/latex/amsmath/amstext.sty
Package: amstext 2000/06/29 v2.01 AMS text

(/usr/share/texlive/texmf-dist/tex/latex/amsmath/amsgen.sty
File: amsgen.sty 1999/11/30 v2.0 generic functions
\@emptytoks=\toks16
\ex@=\dimen103
))
(/usr/share/texlive/texmf-dist/tex/latex/amsmath/amsbsy.sty
Package: amsbsy 1999/11/29 v1.2d Bold Symbols
\pmbraise@=\dimen104
)
(/usr/share/texlive/texmf-dist/tex/latex/amsmath/amsopn.sty
Package: amsopn 2016/03/08 v2.02 operator names
)
\inf@bad=\count87
LaTeX Info: Redefining \frac on input line 213.
\uproot@=\count88
\leftroot@=\count89
LaTeX Info: Redefining \overline on input line 375.
\classnum@=\count90
\DOTSCASE@=\count91
LaTeX Info: Redefining \ldots on input line 472.
LaTeX Info: Redefining \dots on input line 475.
LaTeX Info: Redefining \cdots on input line 596.
\Mathstrutbox@=\box26
\strutbox@=\box27
\big@size=\dimen105
LaTeX Font Info:    Redeclaring font encoding OML on input line 712.
LaTeX Font Info:    Redeclaring font encoding OMS on input line 713.
\macc@depth=\count92
\c@MaxMatrixCols=\count93
\dotsspace@=\muskip10
\c@parentequation=\count94
\dspbrk@lvl=\count95
\tag@help=\toks17
\row@=\count96
\column@=\count97
\maxfields@=\count98
\andhelp@=\toks18
\eqnshift@=\dimen106
\alignsep@=\dimen107
\tagshift@=\dimen108
\tagwidth@=\dimen109
\totwidth@=\dimen110
\lineht@=\dimen111
\@envbody=\toks19
\multlinegap=\skip44
\multlinetaggap=\skip45
\mathdisplay@stack=\toks20
LaTeX Info: Redefining \[ on input line 2817.
LaTeX Info: Redefining \] on input line 2818.
)
(/usr/share/texlive/texmf-dist/tex/latex/amsfonts/amsfonts.sty
Package: amsfonts 2013/01/14 v3.01 Basic AMSFonts support
\symAMSa=\mathgroup4
\symAMSb=\mathgroup5
LaTeX Font Info:    Overwriting math alphabet `\mathfrak' in version `bold'
(Font)                  U/euf/m/n --> U/euf/b/n on input line 106.
)
(/usr/share/texlive/texmf-dist/tex/latex/amsfonts/amssymb.sty
Package: amssymb 2013/01/14 v3.01 AMS font symbols
)
(/usr/share/texlive/texmf-dist/tex/latex/graphics/graphicx.sty
Package: graphicx 2017/06/01 v1.1a Enhanced LaTeX Graphics (DPC,SPQR)

(/usr/share/texlive/texmf-dist/tex/latex/graphics/keyval.sty
Package: keyval 2014/10/28 v1.15 key=value parser (DPC)
\KV@toks@=\toks21
)
(/usr/share/texlive/texmf-dist/tex/latex/graphics/graphics.sty
Package: graphics 2017/06/25 v1.2c Standard LaTeX Graphics (DPC,SPQR)

(/usr/share/texlive/texmf-dist/tex/latex/graphics/trig.sty
Package: trig 2016/01/03 v1.10 sin cos tan (DPC)
)
(/usr/share/texlive/texmf-dist/tex/latex/graphics-cfg/graphics.cfg
File: graphics.cfg 2016/06/04 v1.11 sample graphics configuration
)
Package graphics Info: Driver file: pdftex.def on input line 99.

(/usr/share/texlive/texmf-dist/tex/latex/graphics-def/pdftex.def
File: pdftex.def 2018/01/08 v1.0l Graphics/color driver for pdftex
))
\Gin@req@height=\dimen112
\Gin@req@width=\dimen113
)
(./assignment01.aux)
\openout1 = `assignment01.aux'.

LaTeX Font Info:    Checking defaults for OML/cmm/m/it on input line 11.
LaTeX Font Info:    ... okay on input line 11.
LaTeX Font Info:    Checking defaults for T1/cmr/m/n on input line 11.
LaTeX Font Info:    ... okay on input line 11.
LaTeX Font Info:    Checking defaults for OT1/cmr/m/n on input line 11.
LaTeX Font Info:    ... okay on input line 11.
LaTeX Font Info:    Checking defaults for OMS/cmsy/m/n on input line 11.
LaTeX Font Info:    ... okay on input line 11.
LaTeX Font Info:    Checking defaults for OMX/cmex/m/n on input line 11.
LaTeX Font Info:    ... okay on input line 11.
LaTeX Font Info:    Checking defaults for U/cmr/m/n on input line 11.
LaTeX Font Info:    ... okay on input line 11.

(/usr/share/texlive/texmf-dist/tex/context/base/mkii/supp-pdf.mkii
[Loading MPS to PDF converter (version 2006.09.02).]
\scratchcounter=\count99
\scratchdimen=\dimen114
\scratchbox=\box28
\nofMPsegments=\count100
\nofMParguments=\count101
\everyMPshowfont=\toks22
\MPscratchCnt=\count102
\MPscratchDim=\dimen115
\MPnumerator=\count103
\makeMPintoPDFobject=\count104
\everyMPtoPDFconversion=\toks23
) (/usr/share/texlive/texmf-dist/tex/latex/oberdiek/epstopdf-base.sty
Package: epstopdf-base 2016/05/15 v2.6 Base part for package epstopdf

(/usr/share/texlive/texmf-dist/tex/generic/oberdiek/infwarerr.sty
Package: infwarerr 2016/05/16 v1.4 Providing info/warning/error messages (HO)
)
(/usr/share/texlive/texmf-dist/tex/latex/oberdiek/grfext.sty
Package: grfext 2016/05/16 v1.2 Manage graphics extensions (HO)

(/usr/share/texlive/texmf-dist/tex/generic/oberdiek/kvdefinekeys.sty
Package: kvdefinekeys 2016/05/16 v1.4 Define keys (HO)

(/usr/share/texlive/texmf-dist/tex/generic/oberdiek/ltxcmds.sty
Package: ltxcmds 2016/05/16 v1.23 LaTeX kernel commands for general use (HO)
)))
(/usr/share/texlive/texmf-dist/tex/latex/oberdiek/kvoptions.sty
Package: kvoptions 2016/05/16 v3.12 Key value format for package options (HO)

(/usr/share/texlive/texmf-dist/tex/generic/oberdiek/kvsetkeys.sty
Package: kvsetkeys 2016/05/16 v1.17 Key value parser (HO)

(/usr/share/texlive/texmf-dist/tex/generic/oberdiek/etexcmds.sty
Package: etexcmds 2016/05/16 v1.6 Avoid name clashes with e-TeX commands (HO)

(/usr/share/texlive/texmf-dist/tex/generic/oberdiek/ifluatex.sty
Package: ifluatex 2016/05/16 v1.4 Provides the ifluatex switch (HO)
Package ifluatex Info: LuaTeX not detected.
)
Package etexcmds Info: Could not find \expanded.
(etexcmds)             That can mean that you are not using pdfTeX 1.50 or
(etexcmds)             that some package has redefined \expanded.
(etexcmds)             In the latter case, load this package earlier.
)))
(/usr/share/texlive/texmf-dist/tex/generic/oberdiek/pdftexcmds.sty
Package: pdftexcmds 2018/01/21 v0.26 Utility functions of pdfTeX for LuaTeX (HO
)

(/usr/share/texlive/texmf-dist/tex/generic/oberdiek/ifpdf.sty
Package: ifpdf 2017/03/15 v3.2 Provides the ifpdf switch
)
Package pdftexcmds Info: LuaTeX not detected.
Package pdftexcmds Info: \pdf@primitive is available.
Package pdftexcmds Info: \pdf@ifprimitive is available.
Package pdftexcmds Info: \pdfdraftmode found.
)
Package epstopdf-base Info: Redefining graphics rule for `.eps' on input line 4
38.
Package grfext Info: Graphics extension search list:
(grfext)             [.pdf,.png,.jpg,.mps,.jpeg,.jbig2,.jb2,.PDF,.PNG,.JPG,.JPE
G,.JBIG2,.JB2,.eps]
(grfext)             \AppendGraphicsExtensions on input line 456.

(/usr/share/texlive/texmf-dist/tex/latex/latexconfig/epstopdf-sys.cfg
File: epstopdf-sys.cfg 2010/07/13 v1.3 Configuration of (r)epstopdf for TeX Liv
e
))
LaTeX Font Info:    Try loading font information for U+msa on input line 12.

(/usr/share/texlive/texmf-dist/tex/latex/amsfonts/umsa.fd
File: umsa.fd 2013/01/14 v3.01 AMS symbols A
)
LaTeX Font Info:    Try loading font information for U+msb on input line 12.

(/usr/share/texlive/texmf-dist/tex/latex/amsfonts/umsb.fd
File: umsb.fd 2013/01/14 v3.01 AMS symbols B
) (./assignment01.toc
[1

{/var/lib/texmf/fonts/map/pdftex/updmap/pdftex.map}])
\tf@toc=\write3
\openout3 = `assignment01.toc'.

 [2]
Underfull \hbox (badness 10000) in paragraph at lines 19--28

 []


Underfull \hbox (badness 10000) in paragraph at lines 19--28

 []

LaTeX Font Info:    Try loading font information for OMS+cmr on input line 29.
(/usr/share/texlive/texmf-dist/tex/latex/base/omscmr.fd
File: omscmr.fd 2014/09/29 v2.5h Standard LaTeX font definitions
)
LaTeX Font Info:    Font shape `OMS/cmr/m/n' in size <10> not available
(Font)              Font shape `OMS/cmsy/m/n' tried instead on input line 29.
<pictures/exhaustiveSearch/code_exhaustive_search.png, id=14, 619.31375pt x 194
.7275pt>
File: pictures/exhaustiveSearch/code_exhaustive_search.png Graphic file (type p
ng)
<use pictures/exhaustiveSearch/code_exhaustive_search.png>
Package pdftex.def Info: pictures/exhaustiveSearch/code_exhaustive_search.png  
used on input line 46.
(pdftex.def)             Requested size: 345.0pt x 108.47913pt.
 [3 <./pictures/exhaustiveSearch/code_exhaustive_search.png>]
<pictures/exhaustiveSearch/use_the_program.png, id=20, 715.67375pt x 233.87375p
t>
File: pictures/exhaustiveSearch/use_the_program.png Graphic file (type png)
<use pictures/exhaustiveSearch/use_the_program.png>
Package pdftex.def Info: pictures/exhaustiveSearch/use_the_program.png  used on
 input line 66.
(pdftex.def)             Requested size: 345.0pt x 112.74344pt.

Underfull \hbox (badness 10000) in paragraph at lines 71--77

 []

<pictures/exhaustiveSearch/plot_time_increasing.png, id=21, 1548.78625pt x 555.
07375pt>
File: pictures/exhaustiveSearch/plot_time_increasing.png Graphic file (type png
)
<use pictures/exhaustiveSearch/plot_time_increasing.png>
Package pdftex.def Info: pictures/exhaustiveSearch/plot_time_increasing.png  us
ed on input line 78.
(pdftex.def)             Requested size: 345.0pt x 123.64114pt.
[4 <./pictures/exhaustiveSearch/use_the_program.png> <./pictures/exhaustiveSear
ch/plot_time_increasing.png>]
<pictures/exhaustiveSearch/cities6.png, id=25, 1604.99625pt x 153.57375pt>
File: pictures/exhaustiveSearch/cities6.png Graphic file (type png)
<use pictures/exhaustiveSearch/cities6.png>
Package pdftex.def Info: pictures/exhaustiveSearch/cities6.png  used on input l
ine 90.
(pdftex.def)             Requested size: 345.0pt x 33.01067pt.
<pictures/exhaustiveSearch/exhaustive_search6.png, id=26, 462.528pt x 346.896pt
>
File: pictures/exhaustiveSearch/exhaustive_search6.png Graphic file (type png)
<use pictures/exhaustiveSearch/exhaustive_search6.png>
Package pdftex.def Info: pictures/exhaustiveSearch/exhaustive_search6.png  used
 on input line 96.
(pdftex.def)             Requested size: 276.00105pt x 207.01175pt.
<pictures/exhaustiveSearch/cities10.png, id=28, 1602.98875pt x 149.55875pt>
File: pictures/exhaustiveSearch/cities10.png Graphic file (type png)
<use pictures/exhaustiveSearch/cities10.png>
Package pdftex.def Info: pictures/exhaustiveSearch/cities10.png  used on input 
line 102.
(pdftex.def)             Requested size: 345.0pt x 32.18872pt.
<pictures/exhaustiveSearch/exhaustive_search10.png, id=29, 462.528pt x 346.896p
t>
File: pictures/exhaustiveSearch/exhaustive_search10.png Graphic file (type png)

<use pictures/exhaustiveSearch/exhaustive_search10.png>
Package pdftex.def Info: pictures/exhaustiveSearch/exhaustive_search10.png  use
d on input line 108.
(pdftex.def)             Requested size: 276.00105pt x 207.01175pt.
 [5 <./pictures/exhaustiveSearch/cities6.png> <./pictures/exhaustiveSearch/exha
ustive_search6.png> <./pictures/exhaustiveSearch/cities10.png>]
<pictures/hillClimbing/hill_climbing.jpg, id=34, 771.88374pt x 488.82625pt>
File: pictures/hillClimbing/hill_climbing.jpg Graphic file (type jpg)
<use pictures/hillClimbing/hill_climbing.jpg>
Package pdftex.def Info: pictures/hillClimbing/hill_climbing.jpg  used on input
 line 127.
(pdftex.def)             Requested size: 345.0pt x 218.48546pt.
 [6 <./pictures/exhaustiveSearch/exhaustive_search10.png>]
<pictures/hillClimbing/parameter.png, id=40, 708.6475pt x 130.4875pt>
File: pictures/hillClimbing/parameter.png Graphic file (type png)
<use pictures/hillClimbing/parameter.png>
Package pdftex.def Info: pictures/hillClimbing/parameter.png  used on input lin
e 144.
(pdftex.def)             Requested size: 345.0pt x 63.52727pt.
File: pictures/exhaustiveSearch/cities10.png Graphic file (type png)
<use pictures/exhaustiveSearch/cities10.png>
Package pdftex.def Info: pictures/exhaustiveSearch/cities10.png  used on input 
line 164.
(pdftex.def)             Requested size: 345.0pt x 32.18872pt.

[7 <./pictures/hillClimbing/hill_climbing.jpg> <./pictures/hillClimbing/paramet
er.png>]
<pictures/hillClimbing/cities10.png, id=45, 1604.99625pt x 293.095pt>
File: pictures/hillClimbing/cities10.png Graphic file (type png)
<use pictures/hillClimbing/cities10.png>
Package pdftex.def Info: pictures/hillClimbing/cities10.png  used on input line
 171.
(pdftex.def)             Requested size: 345.0pt x 63.00076pt.
File: pictures/hillClimbing/cities10.png Graphic file (type png)
<use pictures/hillClimbing/cities10.png>
Package pdftex.def Info: pictures/hillClimbing/cities10.png  used on input line
 185.
(pdftex.def)             Requested size: 345.0pt x 63.00076pt.
<pictures/hillClimbing/cities24.png, id=46, 1603.9925pt x 369.38pt>
File: pictures/hillClimbing/cities24.png Graphic file (type png)
<use pictures/hillClimbing/cities24.png>
Package pdftex.def Info: pictures/hillClimbing/cities24.png  used on input line
 190.
(pdftex.def)             Requested size: 345.0pt x 79.44896pt.

Overfull \hbox (71.362pt too wide) in paragraph at lines 199--208
[] 
 []

<pictures/geneticAlgorithm/genetic_algorithm.png, id=47, 537.00626pt x 648.4225
pt>
File: pictures/geneticAlgorithm/genetic_algorithm.png Graphic file (type png)
<use pictures/geneticAlgorithm/genetic_algorithm.png>
Package pdftex.def Info: pictures/geneticAlgorithm/genetic_algorithm.png  used 
on input line 210.
(pdftex.def)             Requested size: 310.4979pt x 374.9178pt.
[8 <./pictures/hillClimbing/cities10.png> <./pictures/hillClimbing/cities24.png
>]
Underfull \hbox (badness 10000) in paragraph at lines 215--216

 []

[9 <./pictures/geneticAlgorithm/genetic_algorithm.png>]
<pictures/geneticAlgorithm/parameter.png, id=55, 1000.73875pt x 360.34625pt>
File: pictures/geneticAlgorithm/parameter.png Graphic file (type png)
<use pictures/geneticAlgorithm/parameter.png>
Package pdftex.def Info: pictures/geneticAlgorithm/parameter.png  used on input
 line 247.
(pdftex.def)             Requested size: 345.0pt x 124.2261pt.
<pictures/geneticAlgorithm/rate0_1.png, id=56, 1545.775pt x 315.1775pt>
File: pictures/geneticAlgorithm/rate0_1.png Graphic file (type png)
<use pictures/geneticAlgorithm/rate0_1.png>
Package pdftex.def Info: pictures/geneticAlgorithm/rate0_1.png  used on input l
ine 256.
(pdftex.def)             Requested size: 345.0pt x 70.34438pt.
 [10 <./pictures/geneticAlgorithm/parameter.png>]
<pictures/geneticAlgorithm/rate0_9.png, id=60, 1546.77875pt x 314.17375pt>
File: pictures/geneticAlgorithm/rate0_9.png Graphic file (type png)
<use pictures/geneticAlgorithm/rate0_9.png>
Package pdftex.def Info: pictures/geneticAlgorithm/rate0_9.png  used on input l
ine 262.
(pdftex.def)             Requested size: 345.0pt x 70.07242pt.
<pictures/geneticAlgorithm/10elite.png, id=61, 1546.77875pt x 308.15125pt>
File: pictures/geneticAlgorithm/10elite.png Graphic file (type png)
<use pictures/geneticAlgorithm/10elite.png>
Package pdftex.def Info: pictures/geneticAlgorithm/10elite.png  used on input l
ine 271.
(pdftex.def)             Requested size: 345.0pt x 68.72917pt.
<pictures/geneticAlgorithm/90elite.png, id=62, 1545.775pt x 312.16624pt>
File: pictures/geneticAlgorithm/90elite.png Graphic file (type png)
<use pictures/geneticAlgorithm/90elite.png>
Package pdftex.def Info: pictures/geneticAlgorithm/90elite.png  used on input l
ine 277.
(pdftex.def)             Requested size: 345.0pt x 69.6723pt.
<pictures/geneticAlgorithm/10gen.png, id=63, 1544.77126pt x 310.15875pt>
File: pictures/geneticAlgorithm/10gen.png Graphic file (type png)
<use pictures/geneticAlgorithm/10gen.png>
Package pdftex.def Info: pictures/geneticAlgorithm/10gen.png  used on input lin
e 286.
(pdftex.def)             Requested size: 345.0pt x 69.26685pt.
<pictures/geneticAlgorithm/100gen.png, id=64, 1538.74875pt x 306.14375pt>
File: pictures/geneticAlgorithm/100gen.png Graphic file (type png)
<use pictures/geneticAlgorithm/100gen.png>
Package pdftex.def Info: pictures/geneticAlgorithm/100gen.png  used on input li
ne 292.
(pdftex.def)             Requested size: 345.0pt x 68.63644pt.
 [11 <./pictures/geneticAlgorithm/rate0_1.png> <./pictures/geneticAlgorithm/rat
e0_9.png> <./pictures/geneticAlgorithm/10elite.png> <./pictures/geneticAlgorith
m/90elite.png> <./pictures/geneticAlgorithm/10gen.png>]
<pictures/geneticAlgorithm/genetic_all_in_one.png, id=68, 462.528pt x 346.896pt
>
File: pictures/geneticAlgorithm/genetic_all_in_one.png Graphic file (type png)
<use pictures/geneticAlgorithm/genetic_all_in_one.png>
Package pdftex.def Info: pictures/geneticAlgorithm/genetic_all_in_one.png  used
 on input line 302.
(pdftex.def)             Requested size: 345.0pt x 258.76335pt.
<pictures/geneticAlgorithm/2tourn.png, id=69, 1544.77126pt x 309.155pt>
File: pictures/geneticAlgorithm/2tourn.png Graphic file (type png)
<use pictures/geneticAlgorithm/2tourn.png>
Package pdftex.def Info: pictures/geneticAlgorithm/2tourn.png  used on input li
ne 312.
(pdftex.def)             Requested size: 345.0pt x 69.04268pt.
 [12 <./pictures/geneticAlgorithm/100gen.png> <./pictures/geneticAlgorithm/gene
tic_all_in_one.png>]
<pictures/geneticAlgorithm/8tourn.png, id=74, 1544.77126pt x 311.1625pt>
File: pictures/geneticAlgorithm/8tourn.png Graphic file (type png)
<use pictures/geneticAlgorithm/8tourn.png>
Package pdftex.def Info: pictures/geneticAlgorithm/8tourn.png  used on input li
ne 318.
(pdftex.def)             Requested size: 345.0pt x 69.49101pt.
<pictures/geneticAlgorithm/tournwin10.png, id=75, 1543.7675pt x 310.15875pt>
File: pictures/geneticAlgorithm/tournwin10.png Graphic file (type png)
<use pictures/geneticAlgorithm/tournwin10.png>
Package pdftex.def Info: pictures/geneticAlgorithm/tournwin10.png  used on inpu
t line 327.
(pdftex.def)             Requested size: 345.0pt x 69.31416pt.
<pictures/geneticAlgorithm/tournwin90.png, id=76, 1544.77126pt x 314.17375pt>
File: pictures/geneticAlgorithm/tournwin90.png Graphic file (type png)
<use pictures/geneticAlgorithm/tournwin90.png>
Package pdftex.def Info: pictures/geneticAlgorithm/tournwin90.png  used on inpu
t line 333.
(pdftex.def)             Requested size: 345.0pt x 70.1635pt.
<pictures/geneticAlgorithm/cities6.png, id=77, 1544.77126pt x 309.155pt>
File: pictures/geneticAlgorithm/cities6.png Graphic file (type png)
<use pictures/geneticAlgorithm/cities6.png>
Package pdftex.def Info: pictures/geneticAlgorithm/cities6.png  used on input l
ine 347.
(pdftex.def)             Requested size: 345.0pt x 69.04268pt.
<pictures/geneticAlgorithm/cities10.png, id=78, 1544.77126pt x 314.17375pt>
File: pictures/geneticAlgorithm/cities10.png Graphic file (type png)
<use pictures/geneticAlgorithm/cities10.png>
Package pdftex.def Info: pictures/geneticAlgorithm/cities10.png  used on input 
line 356.
(pdftex.def)             Requested size: 345.0pt x 70.1635pt.
 [13 <./pictures/geneticAlgorithm/2tourn.png> <./pictures/geneticAlgorithm/8tou
rn.png> <./pictures/geneticAlgorithm/tournwin10.png> <./pictures/geneticAlgorit
hm/tournwin90.png> <./pictures/geneticAlgorithm/cities6.png>]
<pictures/geneticAlgorithm/cities24.png, id=83, 1542.76375pt x 373.395pt>
File: pictures/geneticAlgorithm/cities24.png Graphic file (type png)
<use pictures/geneticAlgorithm/cities24.png>
Package pdftex.def Info: pictures/geneticAlgorithm/cities24.png  used on input 
line 376.
(pdftex.def)             Requested size: 345.0pt x 83.49747pt.
 [14 <./pictures/geneticAlgorithm/cities10.png> <./pictures/geneticAlgorithm/ci
ties24.png>] (./assignment01.aux) ) 
Here is how much of TeX's memory you used:
 2543 strings out of 494923
 37187 string characters out of 6180743
 88725 words of memory out of 5000000
 5792 multiletter control sequences out of 15000+600000
 11849 words of font info for 46 fonts, out of 8000000 for 9000
 14 hyphenation exceptions out of 8191
 41i,8n,25p,597b,199s stack positions out of 5000i,500n,10000p,200000b,80000s
</usr/share/texlive/texmf-dist/fonts/type1/p
ublic/amsfonts/cm/cmbx10.pfb></usr/share/texlive/texmf-dist/fonts/type1/public/
amsfonts/cm/cmbx12.pfb></usr/share/texlive/texmf-dist/fonts/type1/public/amsfon
ts/cm/cmmi10.pfb></usr/share/texlive/texmf-dist/fonts/type1/public/amsfonts/cm/
cmr10.pfb></usr/share/texlive/texmf-dist/fonts/type1/public/amsfonts/cm/cmr12.p
fb></usr/share/texlive/texmf-dist/fonts/type1/public/amsfonts/cm/cmr17.pfb></us
r/share/texlive/texmf-dist/fonts/type1/public/amsfonts/cm/cmr7.pfb></usr/share/
texlive/texmf-dist/fonts/type1/public/amsfonts/cm/cmsy10.pfb></usr/share/texliv
e/texmf-dist/fonts/type1/public/amsfonts/cm/cmti10.pfb>
Output written on assignment01.pdf (14 pages, 1475500 bytes).
PDF statistics:
 118 PDF objects out of 1000 (max. 8388607)
 61 compressed objects within 1 object stream
 0 named destinations out of 1000 (max. 500000)
 136 words of extra memory for PDF output out of 10000 (max. 10000000)

